<?xml version="1.0" encoding="UTF-8"?>
<!-- Generated by org.testng.reporters.JUnitReportReporter -->
<testsuite hostname="Shubham-Kushwah" name="com.test.MasterCheckout" tests="2" failures="0" timestamp="2 Mar 2016 12:09:36 GMT" time="6.715" errors="0">
  <testcase name="visaCheckoutGuestUser" time="1.795" classname="com.test.MasterCheckout"/>
  <testcase name="visaCheckout1GuestUser" time="4.920" classname="com.test.MasterCheckout"/>
</testsuite> <!-- com.test.MasterCheckout -->
